<?xml version="1.0" encoding="UTF-8" ?>
<testsuite tests="21" failures="0" name="com.tsi.davis.gareth.cucumber.cats.RunCucumberTest" time="0.148" errors="0" skipped="18">
  <properties>
[...]
</properties>
  <testcase classname="Scenario: Successfully feed the cat" name="Given the cat is hungry" time="0.004">
    <skipped/>
    <system-out>Feature: feed the cat
  AS AN owner
  I WANT TO feed my cat
  SO THAT it isn&apos;t hungry
</system-out>
  </testcase>
  <testcase classname="Scenario: Successfully feed the cat" name="And there is food in the bowl" time="0.004">
    <skipped/>
  </testcase>
  <testcase classname="Scenario: Successfully feed the cat" name="And the cat likes the food on offer" time="0.004">
    <skipped/>
  </testcase>
  <testcase classname="Scenario: Successfully feed the cat" name="When I try to feed the cat" time="0.004">
    <skipped/>
  </testcase>
  <testcase classname="Scenario: Successfully feed the cat" name="Then the cat should eat the food" time="0.004">
    <skipped/>
  </testcase>
  <testcase classname="Scenario: Successfully feed the cat" name="And the cat should no longer be hungry" time="0.005">
    <skipped/>
  </testcase>
  <testcase classname="Scenario: Successfully feed the cat" name="And the amount of food in the bowl should decrease" time="0.005">
    <skipped/>
  </testcase>
  <testcase classname="Scenario: Successfully feed the cat" name="Scenario: Successfully feed the cat" time="0.005">
    <skipped/>
  </testcase>
  <testcase classname="Scenario: Successfully feed the cat" name="Scenario: Successfully feed the cat" time="0.007"/>
  <testcase classname="Scenario: Cat is not hungry" name="Given the cat is not hungry" time="0.01">
    <skipped/>
    <system-out>
  Scenario: Successfully feed the cat                  &amp;#27;[90m# feed the cat.feature:6&amp;#27;[0m
    &amp;#27;[33mGiven &amp;#27;[0m&amp;#27;[33mthe cat is hungry&amp;#27;[0m
    &amp;#27;[33mAnd &amp;#27;[0m&amp;#27;[33mthere is food in the bowl&amp;#27;[0m
    &amp;#27;[33mAnd &amp;#27;[0m&amp;#27;[33mthe cat likes the food on offer&amp;#27;[0m
    &amp;#27;[33mWhen &amp;#27;[0m&amp;#27;[33mI try to feed the cat&amp;#27;[0m
    &amp;#27;[33mThen &amp;#27;[0m&amp;#27;[33mthe cat should eat the food&amp;#27;[0m
    &amp;#27;[33mAnd &amp;#27;[0m&amp;#27;[33mthe cat should no longer be hungry&amp;#27;[0m
    &amp;#27;[33mAnd &amp;#27;[0m&amp;#27;[33mthe amount of food in the bowl should decrease&amp;#27;[0m
</system-out>
  </testcase>
  <testcase classname="Scenario: Cat is not hungry" name="When I try to feed the cat" time="0.01">
    <skipped/>
  </testcase>
  <testcase classname="Scenario: Cat is not hungry" name="Then the cat should refuse to eat the food" time="0.01">
    <skipped/>
  </testcase>
  <testcase classname="Scenario: Cat is not hungry" name="Scenario: Cat is not hungry" time="0.01">
    <skipped/>
  </testcase>
  <testcase classname="Scenario: Cat is not hungry" name="Scenario: Cat is not hungry" time="0.011"/>
  <testcase classname="Scenario: Cat doesn&apos;t like the food" name="Given the cat is hungry" time="0.007">
    <skipped/>
    <system-out>
  Scenario: Cat is not hungry                  &amp;#27;[90m# feed the cat.feature:15&amp;#27;[0m
    &amp;#27;[33mGiven &amp;#27;[0m&amp;#27;[33mthe cat is not hungry&amp;#27;[0m
    &amp;#27;[33mWhen &amp;#27;[0m&amp;#27;[33mI try to feed the cat&amp;#27;[0m
    &amp;#27;[33mThen &amp;#27;[0m&amp;#27;[33mthe cat should refuse to eat the food&amp;#27;[0m
</system-out>
  </testcase>
  <testcase classname="Scenario: Cat doesn&apos;t like the food" name="And there is food in the bowl" time="0.008">
    <skipped/>
  </testcase>
  <testcase classname="Scenario: Cat doesn&apos;t like the food" name="And the cat doesn&apos;t like the food on offer" time="0.008">
    <skipped/>
  </testcase>
  <testcase classname="Scenario: Cat doesn&apos;t like the food" name="When I try to feed the cat" time="0.008">
    <skipped/>
  </testcase>
  <testcase classname="Scenario: Cat doesn&apos;t like the food" name="Then the cat should refuse to eat the food" time="0.008">
    <skipped/>
  </testcase>
  <testcase classname="Scenario: Cat doesn&apos;t like the food" name="Scenario: Cat doesn&apos;t like the food" time="0.008">
    <skipped/>
  </testcase>
  <testcase classname="Scenario: Cat doesn&apos;t like the food" name="Scenario: Cat doesn&apos;t like the food" time="0.008"/>
</testsuite>